2016-11-17 13:22:53,920 - Log4JLogChute initialized using file 'velocity.log'
2016-11-17 13:22:53,921 - The version of log4j being used does not support the "trace" level.
2016-11-17 13:22:53,921 - Initializing Velocity, Calling init()...
2016-11-17 13:22:53,921 - *******************************************************************
2016-11-17 13:22:53,921 - Starting Apache Velocity v1.7 (compiled: 2010-11-19 12:14:37)
2016-11-17 13:22:53,921 - RuntimeInstance initializing.
2016-11-17 13:22:53,921 - Default Properties File: org/apache/velocity/runtime/defaults/velocity.properties
2016-11-17 13:22:53,921 - Trying to use logger class org.apache.velocity.runtime.log.AvalonLogChute
2016-11-17 13:22:53,921 - Target log system for org.apache.velocity.runtime.log.AvalonLogChute is not available (java.lang.NoClassDefFoundError: org/apache/log/format/Formatter).  Falling back to next log system...
2016-11-17 13:22:53,921 - Trying to use logger class org.apache.velocity.runtime.log.Log4JLogChute
2016-11-17 13:22:53,921 - Using logger class org.apache.velocity.runtime.log.Log4JLogChute
2016-11-17 13:22:53,921 - Default ResourceManager initializing. (class org.apache.velocity.runtime.resource.ResourceManagerImpl)
2016-11-17 13:22:53,921 - ResourceLoader instantiated: org.apache.velocity.runtime.resource.loader.ClasspathResourceLoader
2016-11-17 13:22:53,921 - ClasspathResourceLoader : initialization complete.
2016-11-17 13:22:53,921 - ResourceCache: initialized (class org.apache.velocity.runtime.resource.ResourceCacheImpl) with class java.util.Collections$SynchronizedMap cache map.
2016-11-17 13:22:53,921 - Default ResourceManager initialization complete.
2016-11-17 13:22:53,921 - Loaded System Directive: org.apache.velocity.runtime.directive.Stop
2016-11-17 13:22:53,921 - Loaded System Directive: org.apache.velocity.runtime.directive.Define
2016-11-17 13:22:53,921 - Loaded System Directive: org.apache.velocity.runtime.directive.Break
2016-11-17 13:22:53,921 - Loaded System Directive: org.apache.velocity.runtime.directive.Evaluate
2016-11-17 13:22:53,921 - Loaded System Directive: org.apache.velocity.runtime.directive.Literal
2016-11-17 13:22:53,921 - Loaded System Directive: org.apache.velocity.runtime.directive.Macro
2016-11-17 13:22:53,921 - Loaded System Directive: org.apache.velocity.runtime.directive.Parse
2016-11-17 13:22:53,922 - Loaded System Directive: org.apache.velocity.runtime.directive.Include
2016-11-17 13:22:53,922 - Loaded System Directive: org.apache.velocity.runtime.directive.Foreach
2016-11-17 13:22:53,922 - Created '20' parsers.
2016-11-17 13:22:53,922 - Velocimacro : initialization starting.
2016-11-17 13:22:53,922 - Velocimacro : "velocimacro.library" is not set.  Trying default library: VM_global_library.vm
2016-11-17 13:22:53,922 - Could not load resource 'VM_global_library.vm' from ResourceLoader org.apache.velocity.runtime.resource.loader.ClasspathResourceLoader: ClasspathResourceLoader Error: cannot find resource VM_global_library.vm
2016-11-17 13:22:53,922 - Velocimacro : Default library not found.
2016-11-17 13:22:53,923 - Velocimacro : allowInline = true : VMs can be defined inline in templates
2016-11-17 13:22:53,923 - Velocimacro : allowInlineToOverride = false : VMs defined inline may NOT replace previous VM definitions
2016-11-17 13:22:53,923 - Velocimacro : allowInlineLocal = false : VMs defined inline will be global in scope if allowed.
2016-11-17 13:22:53,923 - Velocimacro : autoload off : VM system will not automatically reload global library macros
2016-11-17 13:22:53,923 - Velocimacro : Velocimacro : initialization complete.
2016-11-17 13:22:53,923 - RuntimeInstance successfully initialized.
2016-11-17 13:22:53,926 - ResourceManager : found mailTemplates/register.vm with loader org.apache.velocity.runtime.resource.loader.ClasspathResourceLoader
2016-11-17 14:45:52,852 - Log4JLogChute initialized using file 'velocity.log'
2016-11-17 14:45:52,853 - The version of log4j being used does not support the "trace" level.
2016-11-17 14:45:52,853 - Initializing Velocity, Calling init()...
2016-11-17 14:45:52,853 - *******************************************************************
2016-11-17 14:45:52,853 - Starting Apache Velocity v1.7 (compiled: 2010-11-19 12:14:37)
2016-11-17 14:45:52,853 - RuntimeInstance initializing.
2016-11-17 14:45:52,853 - Default Properties File: org/apache/velocity/runtime/defaults/velocity.properties
2016-11-17 14:45:52,853 - Trying to use logger class org.apache.velocity.runtime.log.AvalonLogChute
2016-11-17 14:45:52,853 - Target log system for org.apache.velocity.runtime.log.AvalonLogChute is not available (java.lang.NoClassDefFoundError: org/apache/log/format/Formatter).  Falling back to next log system...
2016-11-17 14:45:52,853 - Trying to use logger class org.apache.velocity.runtime.log.Log4JLogChute
2016-11-17 14:45:52,853 - Using logger class org.apache.velocity.runtime.log.Log4JLogChute
2016-11-17 14:45:52,853 - Default ResourceManager initializing. (class org.apache.velocity.runtime.resource.ResourceManagerImpl)
2016-11-17 14:45:52,853 - ResourceLoader instantiated: org.apache.velocity.runtime.resource.loader.ClasspathResourceLoader
2016-11-17 14:45:52,853 - ClasspathResourceLoader : initialization complete.
2016-11-17 14:45:52,853 - ResourceCache: initialized (class org.apache.velocity.runtime.resource.ResourceCacheImpl) with class java.util.Collections$SynchronizedMap cache map.
2016-11-17 14:45:52,853 - Default ResourceManager initialization complete.
2016-11-17 14:45:52,853 - Loaded System Directive: org.apache.velocity.runtime.directive.Stop
2016-11-17 14:45:52,853 - Loaded System Directive: org.apache.velocity.runtime.directive.Define
2016-11-17 14:45:52,853 - Loaded System Directive: org.apache.velocity.runtime.directive.Break
2016-11-17 14:45:52,853 - Loaded System Directive: org.apache.velocity.runtime.directive.Evaluate
2016-11-17 14:45:52,853 - Loaded System Directive: org.apache.velocity.runtime.directive.Literal
2016-11-17 14:45:52,853 - Loaded System Directive: org.apache.velocity.runtime.directive.Macro
2016-11-17 14:45:52,853 - Loaded System Directive: org.apache.velocity.runtime.directive.Parse
2016-11-17 14:45:52,853 - Loaded System Directive: org.apache.velocity.runtime.directive.Include
2016-11-17 14:45:52,853 - Loaded System Directive: org.apache.velocity.runtime.directive.Foreach
2016-11-17 14:45:52,854 - Created '20' parsers.
2016-11-17 14:45:52,854 - Velocimacro : initialization starting.
2016-11-17 14:45:52,854 - Velocimacro : "velocimacro.library" is not set.  Trying default library: VM_global_library.vm
2016-11-17 14:45:52,854 - Could not load resource 'VM_global_library.vm' from ResourceLoader org.apache.velocity.runtime.resource.loader.ClasspathResourceLoader: ClasspathResourceLoader Error: cannot find resource VM_global_library.vm
2016-11-17 14:45:52,854 - Velocimacro : Default library not found.
2016-11-17 14:45:52,854 - Velocimacro : allowInline = true : VMs can be defined inline in templates
2016-11-17 14:45:52,854 - Velocimacro : allowInlineToOverride = false : VMs defined inline may NOT replace previous VM definitions
2016-11-17 14:45:52,854 - Velocimacro : allowInlineLocal = false : VMs defined inline will be global in scope if allowed.
2016-11-17 14:45:52,854 - Velocimacro : autoload off : VM system will not automatically reload global library macros
2016-11-17 14:45:52,854 - Velocimacro : Velocimacro : initialization complete.
2016-11-17 14:45:52,854 - RuntimeInstance successfully initialized.
2016-11-17 14:45:52,859 - ResourceManager : found mailTemplates/register.vm with loader org.apache.velocity.runtime.resource.loader.ClasspathResourceLoader
2016-11-17 14:50:27,953 - Log4JLogChute initialized using file 'velocity.log'
2016-11-17 14:50:27,953 - The version of log4j being used does not support the "trace" level.
2016-11-17 14:50:27,953 - Initializing Velocity, Calling init()...
2016-11-17 14:50:27,954 - *******************************************************************
2016-11-17 14:50:27,954 - Starting Apache Velocity v1.7 (compiled: 2010-11-19 12:14:37)
2016-11-17 14:50:27,954 - RuntimeInstance initializing.
2016-11-17 14:50:27,954 - Default Properties File: org/apache/velocity/runtime/defaults/velocity.properties
2016-11-17 14:50:27,954 - Trying to use logger class org.apache.velocity.runtime.log.AvalonLogChute
2016-11-17 14:50:27,954 - Target log system for org.apache.velocity.runtime.log.AvalonLogChute is not available (java.lang.NoClassDefFoundError: org/apache/log/format/Formatter).  Falling back to next log system...
2016-11-17 14:50:27,954 - Trying to use logger class org.apache.velocity.runtime.log.Log4JLogChute
2016-11-17 14:50:27,954 - Using logger class org.apache.velocity.runtime.log.Log4JLogChute
2016-11-17 14:50:27,954 - Default ResourceManager initializing. (class org.apache.velocity.runtime.resource.ResourceManagerImpl)
2016-11-17 14:50:27,954 - ResourceLoader instantiated: org.apache.velocity.runtime.resource.loader.ClasspathResourceLoader
2016-11-17 14:50:27,954 - ClasspathResourceLoader : initialization complete.
2016-11-17 14:50:27,954 - ResourceCache: initialized (class org.apache.velocity.runtime.resource.ResourceCacheImpl) with class java.util.Collections$SynchronizedMap cache map.
2016-11-17 14:50:27,954 - Default ResourceManager initialization complete.
2016-11-17 14:50:27,954 - Loaded System Directive: org.apache.velocity.runtime.directive.Stop
2016-11-17 14:50:27,954 - Loaded System Directive: org.apache.velocity.runtime.directive.Define
2016-11-17 14:50:27,954 - Loaded System Directive: org.apache.velocity.runtime.directive.Break
2016-11-17 14:50:27,954 - Loaded System Directive: org.apache.velocity.runtime.directive.Evaluate
2016-11-17 14:50:27,954 - Loaded System Directive: org.apache.velocity.runtime.directive.Literal
2016-11-17 14:50:27,954 - Loaded System Directive: org.apache.velocity.runtime.directive.Macro
2016-11-17 14:50:27,954 - Loaded System Directive: org.apache.velocity.runtime.directive.Parse
2016-11-17 14:50:27,954 - Loaded System Directive: org.apache.velocity.runtime.directive.Include
2016-11-17 14:50:27,954 - Loaded System Directive: org.apache.velocity.runtime.directive.Foreach
2016-11-17 14:50:27,955 - Created '20' parsers.
2016-11-17 14:50:27,955 - Velocimacro : initialization starting.
2016-11-17 14:50:27,955 - Velocimacro : "velocimacro.library" is not set.  Trying default library: VM_global_library.vm
2016-11-17 14:50:27,955 - Could not load resource 'VM_global_library.vm' from ResourceLoader org.apache.velocity.runtime.resource.loader.ClasspathResourceLoader: ClasspathResourceLoader Error: cannot find resource VM_global_library.vm
2016-11-17 14:50:27,955 - Velocimacro : Default library not found.
2016-11-17 14:50:27,955 - Velocimacro : allowInline = true : VMs can be defined inline in templates
2016-11-17 14:50:27,955 - Velocimacro : allowInlineToOverride = false : VMs defined inline may NOT replace previous VM definitions
2016-11-17 14:50:27,955 - Velocimacro : allowInlineLocal = false : VMs defined inline will be global in scope if allowed.
2016-11-17 14:50:27,956 - Velocimacro : autoload off : VM system will not automatically reload global library macros
2016-11-17 14:50:27,956 - Velocimacro : Velocimacro : initialization complete.
2016-11-17 14:50:27,956 - RuntimeInstance successfully initialized.
2016-11-17 14:50:27,959 - ResourceManager : found mailTemplates/register.vm with loader org.apache.velocity.runtime.resource.loader.ClasspathResourceLoader
2016-11-17 14:51:44,573 - Log4JLogChute initialized using file 'velocity.log'
2016-11-17 14:51:44,574 - The version of log4j being used does not support the "trace" level.
2016-11-17 14:51:44,574 - Initializing Velocity, Calling init()...
2016-11-17 14:51:44,574 - *******************************************************************
2016-11-17 14:51:44,574 - Starting Apache Velocity v1.7 (compiled: 2010-11-19 12:14:37)
2016-11-17 14:51:44,574 - RuntimeInstance initializing.
2016-11-17 14:51:44,574 - Default Properties File: org/apache/velocity/runtime/defaults/velocity.properties
2016-11-17 14:51:44,574 - Trying to use logger class org.apache.velocity.runtime.log.AvalonLogChute
2016-11-17 14:51:44,574 - Target log system for org.apache.velocity.runtime.log.AvalonLogChute is not available (java.lang.NoClassDefFoundError: org/apache/log/format/Formatter).  Falling back to next log system...
2016-11-17 14:51:44,574 - Trying to use logger class org.apache.velocity.runtime.log.Log4JLogChute
2016-11-17 14:51:44,574 - Using logger class org.apache.velocity.runtime.log.Log4JLogChute
2016-11-17 14:51:44,574 - Default ResourceManager initializing. (class org.apache.velocity.runtime.resource.ResourceManagerImpl)
2016-11-17 14:51:44,574 - ResourceLoader instantiated: org.apache.velocity.runtime.resource.loader.ClasspathResourceLoader
2016-11-17 14:51:44,574 - ClasspathResourceLoader : initialization complete.
2016-11-17 14:51:44,574 - ResourceCache: initialized (class org.apache.velocity.runtime.resource.ResourceCacheImpl) with class java.util.Collections$SynchronizedMap cache map.
2016-11-17 14:51:44,574 - Default ResourceManager initialization complete.
2016-11-17 14:51:44,574 - Loaded System Directive: org.apache.velocity.runtime.directive.Stop
2016-11-17 14:51:44,574 - Loaded System Directive: org.apache.velocity.runtime.directive.Define
2016-11-17 14:51:44,574 - Loaded System Directive: org.apache.velocity.runtime.directive.Break
2016-11-17 14:51:44,574 - Loaded System Directive: org.apache.velocity.runtime.directive.Evaluate
2016-11-17 14:51:44,574 - Loaded System Directive: org.apache.velocity.runtime.directive.Literal
2016-11-17 14:51:44,574 - Loaded System Directive: org.apache.velocity.runtime.directive.Macro
2016-11-17 14:51:44,574 - Loaded System Directive: org.apache.velocity.runtime.directive.Parse
2016-11-17 14:51:44,574 - Loaded System Directive: org.apache.velocity.runtime.directive.Include
2016-11-17 14:51:44,574 - Loaded System Directive: org.apache.velocity.runtime.directive.Foreach
2016-11-17 14:51:44,575 - Created '20' parsers.
2016-11-17 14:51:44,575 - Velocimacro : initialization starting.
2016-11-17 14:51:44,575 - Velocimacro : "velocimacro.library" is not set.  Trying default library: VM_global_library.vm
2016-11-17 14:51:44,575 - Could not load resource 'VM_global_library.vm' from ResourceLoader org.apache.velocity.runtime.resource.loader.ClasspathResourceLoader: ClasspathResourceLoader Error: cannot find resource VM_global_library.vm
2016-11-17 14:51:44,575 - Velocimacro : Default library not found.
2016-11-17 14:51:44,575 - Velocimacro : allowInline = true : VMs can be defined inline in templates
2016-11-17 14:51:44,575 - Velocimacro : allowInlineToOverride = false : VMs defined inline may NOT replace previous VM definitions
2016-11-17 14:51:44,575 - Velocimacro : allowInlineLocal = false : VMs defined inline will be global in scope if allowed.
2016-11-17 14:51:44,575 - Velocimacro : autoload off : VM system will not automatically reload global library macros
2016-11-17 14:51:44,575 - Velocimacro : Velocimacro : initialization complete.
2016-11-17 14:51:44,575 - RuntimeInstance successfully initialized.
2016-11-17 14:51:44,579 - ResourceManager : found mailTemplates/register.vm with loader org.apache.velocity.runtime.resource.loader.ClasspathResourceLoader
2016-11-17 14:53:36,489 - Log4JLogChute initialized using file 'velocity.log'
2016-11-17 14:53:36,489 - The version of log4j being used does not support the "trace" level.
2016-11-17 14:53:36,489 - Initializing Velocity, Calling init()...
2016-11-17 14:53:36,489 - *******************************************************************
2016-11-17 14:53:36,489 - Starting Apache Velocity v1.7 (compiled: 2010-11-19 12:14:37)
2016-11-17 14:53:36,489 - RuntimeInstance initializing.
2016-11-17 14:53:36,489 - Default Properties File: org/apache/velocity/runtime/defaults/velocity.properties
2016-11-17 14:53:36,489 - Trying to use logger class org.apache.velocity.runtime.log.AvalonLogChute
2016-11-17 14:53:36,489 - Target log system for org.apache.velocity.runtime.log.AvalonLogChute is not available (java.lang.NoClassDefFoundError: org/apache/log/format/Formatter).  Falling back to next log system...
2016-11-17 14:53:36,489 - Trying to use logger class org.apache.velocity.runtime.log.Log4JLogChute
2016-11-17 14:53:36,489 - Using logger class org.apache.velocity.runtime.log.Log4JLogChute
2016-11-17 14:53:36,489 - Default ResourceManager initializing. (class org.apache.velocity.runtime.resource.ResourceManagerImpl)
2016-11-17 14:53:36,489 - ResourceLoader instantiated: org.apache.velocity.runtime.resource.loader.ClasspathResourceLoader
2016-11-17 14:53:36,489 - ClasspathResourceLoader : initialization complete.
2016-11-17 14:53:36,489 - ResourceCache: initialized (class org.apache.velocity.runtime.resource.ResourceCacheImpl) with class java.util.Collections$SynchronizedMap cache map.
2016-11-17 14:53:36,489 - Default ResourceManager initialization complete.
2016-11-17 14:53:36,490 - Loaded System Directive: org.apache.velocity.runtime.directive.Stop
2016-11-17 14:53:36,490 - Loaded System Directive: org.apache.velocity.runtime.directive.Define
2016-11-17 14:53:36,490 - Loaded System Directive: org.apache.velocity.runtime.directive.Break
2016-11-17 14:53:36,490 - Loaded System Directive: org.apache.velocity.runtime.directive.Evaluate
2016-11-17 14:53:36,490 - Loaded System Directive: org.apache.velocity.runtime.directive.Literal
2016-11-17 14:53:36,490 - Loaded System Directive: org.apache.velocity.runtime.directive.Macro
2016-11-17 14:53:36,490 - Loaded System Directive: org.apache.velocity.runtime.directive.Parse
2016-11-17 14:53:36,490 - Loaded System Directive: org.apache.velocity.runtime.directive.Include
2016-11-17 14:53:36,490 - Loaded System Directive: org.apache.velocity.runtime.directive.Foreach
2016-11-17 14:53:36,490 - Created '20' parsers.
2016-11-17 14:53:36,490 - Velocimacro : initialization starting.
2016-11-17 14:53:36,490 - Velocimacro : "velocimacro.library" is not set.  Trying default library: VM_global_library.vm
2016-11-17 14:53:36,491 - Could not load resource 'VM_global_library.vm' from ResourceLoader org.apache.velocity.runtime.resource.loader.ClasspathResourceLoader: ClasspathResourceLoader Error: cannot find resource VM_global_library.vm
2016-11-17 14:53:36,491 - Velocimacro : Default library not found.
2016-11-17 14:53:36,491 - Velocimacro : allowInline = true : VMs can be defined inline in templates
2016-11-17 14:53:36,491 - Velocimacro : allowInlineToOverride = false : VMs defined inline may NOT replace previous VM definitions
2016-11-17 14:53:36,491 - Velocimacro : allowInlineLocal = false : VMs defined inline will be global in scope if allowed.
2016-11-17 14:53:36,491 - Velocimacro : autoload off : VM system will not automatically reload global library macros
2016-11-17 14:53:36,491 - Velocimacro : Velocimacro : initialization complete.
2016-11-17 14:53:36,491 - RuntimeInstance successfully initialized.
2016-11-17 14:53:36,502 - ResourceManager : found mailTemplates/register.vm with loader org.apache.velocity.runtime.resource.loader.ClasspathResourceLoader
2016-11-17 14:55:27,192 - Log4JLogChute initialized using file 'velocity.log'
2016-11-17 14:55:27,192 - The version of log4j being used does not support the "trace" level.
2016-11-17 14:55:27,192 - Initializing Velocity, Calling init()...
2016-11-17 14:55:27,192 - *******************************************************************
2016-11-17 14:55:27,192 - Starting Apache Velocity v1.7 (compiled: 2010-11-19 12:14:37)
2016-11-17 14:55:27,192 - RuntimeInstance initializing.
2016-11-17 14:55:27,192 - Default Properties File: org/apache/velocity/runtime/defaults/velocity.properties
2016-11-17 14:55:27,192 - Trying to use logger class org.apache.velocity.runtime.log.AvalonLogChute
2016-11-17 14:55:27,192 - Target log system for org.apache.velocity.runtime.log.AvalonLogChute is not available (java.lang.NoClassDefFoundError: org/apache/log/format/Formatter).  Falling back to next log system...
2016-11-17 14:55:27,192 - Trying to use logger class org.apache.velocity.runtime.log.Log4JLogChute
2016-11-17 14:55:27,192 - Using logger class org.apache.velocity.runtime.log.Log4JLogChute
2016-11-17 14:55:27,193 - Default ResourceManager initializing. (class org.apache.velocity.runtime.resource.ResourceManagerImpl)
2016-11-17 14:55:27,193 - ResourceLoader instantiated: org.apache.velocity.runtime.resource.loader.ClasspathResourceLoader
2016-11-17 14:55:27,193 - ClasspathResourceLoader : initialization complete.
2016-11-17 14:55:27,193 - ResourceCache: initialized (class org.apache.velocity.runtime.resource.ResourceCacheImpl) with class java.util.Collections$SynchronizedMap cache map.
2016-11-17 14:55:27,193 - Default ResourceManager initialization complete.
2016-11-17 14:55:27,193 - Loaded System Directive: org.apache.velocity.runtime.directive.Stop
2016-11-17 14:55:27,193 - Loaded System Directive: org.apache.velocity.runtime.directive.Define
2016-11-17 14:55:27,193 - Loaded System Directive: org.apache.velocity.runtime.directive.Break
2016-11-17 14:55:27,193 - Loaded System Directive: org.apache.velocity.runtime.directive.Evaluate
2016-11-17 14:55:27,193 - Loaded System Directive: org.apache.velocity.runtime.directive.Literal
2016-11-17 14:55:27,193 - Loaded System Directive: org.apache.velocity.runtime.directive.Macro
2016-11-17 14:55:27,193 - Loaded System Directive: org.apache.velocity.runtime.directive.Parse
2016-11-17 14:55:27,193 - Loaded System Directive: org.apache.velocity.runtime.directive.Include
2016-11-17 14:55:27,193 - Loaded System Directive: org.apache.velocity.runtime.directive.Foreach
2016-11-17 14:55:27,194 - Created '20' parsers.
2016-11-17 14:55:27,194 - Velocimacro : initialization starting.
2016-11-17 14:55:27,194 - Velocimacro : "velocimacro.library" is not set.  Trying default library: VM_global_library.vm
2016-11-17 14:55:27,194 - Could not load resource 'VM_global_library.vm' from ResourceLoader org.apache.velocity.runtime.resource.loader.ClasspathResourceLoader: ClasspathResourceLoader Error: cannot find resource VM_global_library.vm
2016-11-17 14:55:27,194 - Velocimacro : Default library not found.
2016-11-17 14:55:27,195 - Velocimacro : allowInline = true : VMs can be defined inline in templates
2016-11-17 14:55:27,195 - Velocimacro : allowInlineToOverride = false : VMs defined inline may NOT replace previous VM definitions
2016-11-17 14:55:27,195 - Velocimacro : allowInlineLocal = false : VMs defined inline will be global in scope if allowed.
2016-11-17 14:55:27,195 - Velocimacro : autoload off : VM system will not automatically reload global library macros
2016-11-17 14:55:27,195 - Velocimacro : Velocimacro : initialization complete.
2016-11-17 14:55:27,195 - RuntimeInstance successfully initialized.
2016-11-17 14:55:27,198 - ResourceManager : found mailTemplates/register.vm with loader org.apache.velocity.runtime.resource.loader.ClasspathResourceLoader
2016-11-17 14:57:41,749 - Log4JLogChute initialized using file 'velocity.log'
2016-11-17 14:57:41,749 - The version of log4j being used does not support the "trace" level.
2016-11-17 14:57:41,750 - Initializing Velocity, Calling init()...
2016-11-17 14:57:41,750 - *******************************************************************
2016-11-17 14:57:41,750 - Starting Apache Velocity v1.7 (compiled: 2010-11-19 12:14:37)
2016-11-17 14:57:41,750 - RuntimeInstance initializing.
2016-11-17 14:57:41,750 - Default Properties File: org/apache/velocity/runtime/defaults/velocity.properties
2016-11-17 14:57:41,750 - Trying to use logger class org.apache.velocity.runtime.log.AvalonLogChute
2016-11-17 14:57:41,750 - Target log system for org.apache.velocity.runtime.log.AvalonLogChute is not available (java.lang.NoClassDefFoundError: org/apache/log/format/Formatter).  Falling back to next log system...
2016-11-17 14:57:41,750 - Trying to use logger class org.apache.velocity.runtime.log.Log4JLogChute
2016-11-17 14:57:41,750 - Using logger class org.apache.velocity.runtime.log.Log4JLogChute
2016-11-17 14:57:41,750 - Default ResourceManager initializing. (class org.apache.velocity.runtime.resource.ResourceManagerImpl)
2016-11-17 14:57:41,750 - ResourceLoader instantiated: org.apache.velocity.runtime.resource.loader.ClasspathResourceLoader
2016-11-17 14:57:41,750 - ClasspathResourceLoader : initialization complete.
2016-11-17 14:57:41,750 - ResourceCache: initialized (class org.apache.velocity.runtime.resource.ResourceCacheImpl) with class java.util.Collections$SynchronizedMap cache map.
2016-11-17 14:57:41,750 - Default ResourceManager initialization complete.
2016-11-17 14:57:41,750 - Loaded System Directive: org.apache.velocity.runtime.directive.Stop
2016-11-17 14:57:41,750 - Loaded System Directive: org.apache.velocity.runtime.directive.Define
2016-11-17 14:57:41,750 - Loaded System Directive: org.apache.velocity.runtime.directive.Break
2016-11-17 14:57:41,750 - Loaded System Directive: org.apache.velocity.runtime.directive.Evaluate
2016-11-17 14:57:41,750 - Loaded System Directive: org.apache.velocity.runtime.directive.Literal
2016-11-17 14:57:41,750 - Loaded System Directive: org.apache.velocity.runtime.directive.Macro
2016-11-17 14:57:41,750 - Loaded System Directive: org.apache.velocity.runtime.directive.Parse
2016-11-17 14:57:41,750 - Loaded System Directive: org.apache.velocity.runtime.directive.Include
2016-11-17 14:57:41,750 - Loaded System Directive: org.apache.velocity.runtime.directive.Foreach
2016-11-17 14:57:41,751 - Created '20' parsers.
2016-11-17 14:57:41,751 - Velocimacro : initialization starting.
2016-11-17 14:57:41,751 - Velocimacro : "velocimacro.library" is not set.  Trying default library: VM_global_library.vm
2016-11-17 14:57:41,751 - Could not load resource 'VM_global_library.vm' from ResourceLoader org.apache.velocity.runtime.resource.loader.ClasspathResourceLoader: ClasspathResourceLoader Error: cannot find resource VM_global_library.vm
2016-11-17 14:57:41,751 - Velocimacro : Default library not found.
2016-11-17 14:57:41,751 - Velocimacro : allowInline = true : VMs can be defined inline in templates
2016-11-17 14:57:41,751 - Velocimacro : allowInlineToOverride = false : VMs defined inline may NOT replace previous VM definitions
2016-11-17 14:57:41,751 - Velocimacro : allowInlineLocal = false : VMs defined inline will be global in scope if allowed.
2016-11-17 14:57:41,751 - Velocimacro : autoload off : VM system will not automatically reload global library macros
2016-11-17 14:57:41,751 - Velocimacro : Velocimacro : initialization complete.
2016-11-17 14:57:41,751 - RuntimeInstance successfully initialized.
2016-11-17 14:57:41,754 - ResourceManager : found mailTemplates/register.vm with loader org.apache.velocity.runtime.resource.loader.ClasspathResourceLoader
2016-11-17 15:00:22,394 - Log4JLogChute initialized using file 'velocity.log'
2016-11-17 15:00:22,394 - The version of log4j being used does not support the "trace" level.
2016-11-17 15:00:22,394 - Initializing Velocity, Calling init()...
2016-11-17 15:00:22,394 - *******************************************************************
2016-11-17 15:00:22,394 - Starting Apache Velocity v1.7 (compiled: 2010-11-19 12:14:37)
2016-11-17 15:00:22,394 - RuntimeInstance initializing.
2016-11-17 15:00:22,394 - Default Properties File: org/apache/velocity/runtime/defaults/velocity.properties
2016-11-17 15:00:22,394 - Trying to use logger class org.apache.velocity.runtime.log.AvalonLogChute
2016-11-17 15:00:22,394 - Target log system for org.apache.velocity.runtime.log.AvalonLogChute is not available (java.lang.NoClassDefFoundError: org/apache/log/format/Formatter).  Falling back to next log system...
2016-11-17 15:00:22,394 - Trying to use logger class org.apache.velocity.runtime.log.Log4JLogChute
2016-11-17 15:00:22,394 - Using logger class org.apache.velocity.runtime.log.Log4JLogChute
2016-11-17 15:00:22,394 - Default ResourceManager initializing. (class org.apache.velocity.runtime.resource.ResourceManagerImpl)
2016-11-17 15:00:22,394 - ResourceLoader instantiated: org.apache.velocity.runtime.resource.loader.ClasspathResourceLoader
2016-11-17 15:00:22,395 - ClasspathResourceLoader : initialization complete.
2016-11-17 15:00:22,395 - ResourceCache: initialized (class org.apache.velocity.runtime.resource.ResourceCacheImpl) with class java.util.Collections$SynchronizedMap cache map.
2016-11-17 15:00:22,395 - Default ResourceManager initialization complete.
2016-11-17 15:00:22,395 - Loaded System Directive: org.apache.velocity.runtime.directive.Stop
2016-11-17 15:00:22,395 - Loaded System Directive: org.apache.velocity.runtime.directive.Define
2016-11-17 15:00:22,395 - Loaded System Directive: org.apache.velocity.runtime.directive.Break
2016-11-17 15:00:22,395 - Loaded System Directive: org.apache.velocity.runtime.directive.Evaluate
2016-11-17 15:00:22,395 - Loaded System Directive: org.apache.velocity.runtime.directive.Literal
2016-11-17 15:00:22,395 - Loaded System Directive: org.apache.velocity.runtime.directive.Macro
2016-11-17 15:00:22,395 - Loaded System Directive: org.apache.velocity.runtime.directive.Parse
2016-11-17 15:00:22,395 - Loaded System Directive: org.apache.velocity.runtime.directive.Include
2016-11-17 15:00:22,395 - Loaded System Directive: org.apache.velocity.runtime.directive.Foreach
2016-11-17 15:00:22,396 - Created '20' parsers.
2016-11-17 15:00:22,396 - Velocimacro : initialization starting.
2016-11-17 15:00:22,397 - Velocimacro : "velocimacro.library" is not set.  Trying default library: VM_global_library.vm
2016-11-17 15:00:22,397 - Could not load resource 'VM_global_library.vm' from ResourceLoader org.apache.velocity.runtime.resource.loader.ClasspathResourceLoader: ClasspathResourceLoader Error: cannot find resource VM_global_library.vm
2016-11-17 15:00:22,397 - Velocimacro : Default library not found.
2016-11-17 15:00:22,397 - Velocimacro : allowInline = true : VMs can be defined inline in templates
2016-11-17 15:00:22,397 - Velocimacro : allowInlineToOverride = false : VMs defined inline may NOT replace previous VM definitions
2016-11-17 15:00:22,397 - Velocimacro : allowInlineLocal = false : VMs defined inline will be global in scope if allowed.
2016-11-17 15:00:22,397 - Velocimacro : autoload off : VM system will not automatically reload global library macros
2016-11-17 15:00:22,397 - Velocimacro : Velocimacro : initialization complete.
2016-11-17 15:00:22,397 - RuntimeInstance successfully initialized.
2016-11-17 15:00:22,481 - ResourceManager : found mailTemplates/register.vm with loader org.apache.velocity.runtime.resource.loader.ClasspathResourceLoader
2016-11-17 16:22:43,291 - Log4JLogChute initialized using file 'velocity.log'
2016-11-17 16:22:43,292 - The version of log4j being used does not support the "trace" level.
2016-11-17 16:22:43,292 - Initializing Velocity, Calling init()...
2016-11-17 16:22:43,292 - *******************************************************************
2016-11-17 16:22:43,292 - Starting Apache Velocity v1.7 (compiled: 2010-11-19 12:14:37)
2016-11-17 16:22:43,292 - RuntimeInstance initializing.
2016-11-17 16:22:43,292 - Default Properties File: org/apache/velocity/runtime/defaults/velocity.properties
2016-11-17 16:22:43,292 - Trying to use logger class org.apache.velocity.runtime.log.AvalonLogChute
2016-11-17 16:22:43,292 - Target log system for org.apache.velocity.runtime.log.AvalonLogChute is not available (java.lang.NoClassDefFoundError: org/apache/log/format/Formatter).  Falling back to next log system...
2016-11-17 16:22:43,292 - Trying to use logger class org.apache.velocity.runtime.log.Log4JLogChute
2016-11-17 16:22:43,292 - Using logger class org.apache.velocity.runtime.log.Log4JLogChute
2016-11-17 16:22:43,292 - Default ResourceManager initializing. (class org.apache.velocity.runtime.resource.ResourceManagerImpl)
2016-11-17 16:22:43,292 - ResourceLoader instantiated: org.apache.velocity.runtime.resource.loader.ClasspathResourceLoader
2016-11-17 16:22:43,292 - ClasspathResourceLoader : initialization complete.
2016-11-17 16:22:43,292 - ResourceCache: initialized (class org.apache.velocity.runtime.resource.ResourceCacheImpl) with class java.util.Collections$SynchronizedMap cache map.
2016-11-17 16:22:43,292 - Default ResourceManager initialization complete.
2016-11-17 16:22:43,292 - Loaded System Directive: org.apache.velocity.runtime.directive.Stop
2016-11-17 16:22:43,292 - Loaded System Directive: org.apache.velocity.runtime.directive.Define
2016-11-17 16:22:43,292 - Loaded System Directive: org.apache.velocity.runtime.directive.Break
2016-11-17 16:22:43,292 - Loaded System Directive: org.apache.velocity.runtime.directive.Evaluate
2016-11-17 16:22:43,292 - Loaded System Directive: org.apache.velocity.runtime.directive.Literal
2016-11-17 16:22:43,292 - Loaded System Directive: org.apache.velocity.runtime.directive.Macro
2016-11-17 16:22:43,292 - Loaded System Directive: org.apache.velocity.runtime.directive.Parse
2016-11-17 16:22:43,292 - Loaded System Directive: org.apache.velocity.runtime.directive.Include
2016-11-17 16:22:43,292 - Loaded System Directive: org.apache.velocity.runtime.directive.Foreach
2016-11-17 16:22:43,293 - Created '20' parsers.
2016-11-17 16:22:43,293 - Velocimacro : initialization starting.
2016-11-17 16:22:43,293 - Velocimacro : "velocimacro.library" is not set.  Trying default library: VM_global_library.vm
2016-11-17 16:22:43,293 - Could not load resource 'VM_global_library.vm' from ResourceLoader org.apache.velocity.runtime.resource.loader.ClasspathResourceLoader: ClasspathResourceLoader Error: cannot find resource VM_global_library.vm
2016-11-17 16:22:43,293 - Velocimacro : Default library not found.
2016-11-17 16:22:43,293 - Velocimacro : allowInline = true : VMs can be defined inline in templates
2016-11-17 16:22:43,293 - Velocimacro : allowInlineToOverride = false : VMs defined inline may NOT replace previous VM definitions
2016-11-17 16:22:43,293 - Velocimacro : allowInlineLocal = false : VMs defined inline will be global in scope if allowed.
2016-11-17 16:22:43,293 - Velocimacro : autoload off : VM system will not automatically reload global library macros
2016-11-17 16:22:43,293 - Velocimacro : Velocimacro : initialization complete.
2016-11-17 16:22:43,293 - RuntimeInstance successfully initialized.
2016-11-17 16:22:43,298 - ResourceManager : found mailTemplates/register.vm with loader org.apache.velocity.runtime.resource.loader.ClasspathResourceLoader
2016-11-17 16:26:18,513 - Log4JLogChute initialized using file 'velocity.log'
2016-11-17 16:26:18,513 - The version of log4j being used does not support the "trace" level.
2016-11-17 16:26:18,513 - Initializing Velocity, Calling init()...
2016-11-17 16:26:18,513 - *******************************************************************
2016-11-17 16:26:18,513 - Starting Apache Velocity v1.7 (compiled: 2010-11-19 12:14:37)
2016-11-17 16:26:18,513 - RuntimeInstance initializing.
2016-11-17 16:26:18,513 - Default Properties File: org/apache/velocity/runtime/defaults/velocity.properties
2016-11-17 16:26:18,513 - Trying to use logger class org.apache.velocity.runtime.log.AvalonLogChute
2016-11-17 16:26:18,513 - Target log system for org.apache.velocity.runtime.log.AvalonLogChute is not available (java.lang.NoClassDefFoundError: org/apache/log/format/Formatter).  Falling back to next log system...
2016-11-17 16:26:18,513 - Trying to use logger class org.apache.velocity.runtime.log.Log4JLogChute
2016-11-17 16:26:18,513 - Using logger class org.apache.velocity.runtime.log.Log4JLogChute
2016-11-17 16:26:18,513 - Default ResourceManager initializing. (class org.apache.velocity.runtime.resource.ResourceManagerImpl)
2016-11-17 16:26:18,513 - ResourceLoader instantiated: org.apache.velocity.runtime.resource.loader.ClasspathResourceLoader
2016-11-17 16:26:18,513 - ClasspathResourceLoader : initialization complete.
2016-11-17 16:26:18,513 - ResourceCache: initialized (class org.apache.velocity.runtime.resource.ResourceCacheImpl) with class java.util.Collections$SynchronizedMap cache map.
2016-11-17 16:26:18,513 - Default ResourceManager initialization complete.
2016-11-17 16:26:18,514 - Loaded System Directive: org.apache.velocity.runtime.directive.Stop
2016-11-17 16:26:18,514 - Loaded System Directive: org.apache.velocity.runtime.directive.Define
2016-11-17 16:26:18,514 - Loaded System Directive: org.apache.velocity.runtime.directive.Break
2016-11-17 16:26:18,514 - Loaded System Directive: org.apache.velocity.runtime.directive.Evaluate
2016-11-17 16:26:18,514 - Loaded System Directive: org.apache.velocity.runtime.directive.Literal
2016-11-17 16:26:18,514 - Loaded System Directive: org.apache.velocity.runtime.directive.Macro
2016-11-17 16:26:18,514 - Loaded System Directive: org.apache.velocity.runtime.directive.Parse
2016-11-17 16:26:18,514 - Loaded System Directive: org.apache.velocity.runtime.directive.Include
2016-11-17 16:26:18,514 - Loaded System Directive: org.apache.velocity.runtime.directive.Foreach
2016-11-17 16:26:18,516 - Created '20' parsers.
2016-11-17 16:26:18,516 - Velocimacro : initialization starting.
2016-11-17 16:26:18,516 - Velocimacro : "velocimacro.library" is not set.  Trying default library: VM_global_library.vm
2016-11-17 16:26:18,516 - Could not load resource 'VM_global_library.vm' from ResourceLoader org.apache.velocity.runtime.resource.loader.ClasspathResourceLoader: ClasspathResourceLoader Error: cannot find resource VM_global_library.vm
2016-11-17 16:26:18,516 - Velocimacro : Default library not found.
2016-11-17 16:26:18,516 - Velocimacro : allowInline = true : VMs can be defined inline in templates
2016-11-17 16:26:18,516 - Velocimacro : allowInlineToOverride = false : VMs defined inline may NOT replace previous VM definitions
2016-11-17 16:26:18,516 - Velocimacro : allowInlineLocal = false : VMs defined inline will be global in scope if allowed.
2016-11-17 16:26:18,516 - Velocimacro : autoload off : VM system will not automatically reload global library macros
2016-11-17 16:26:18,516 - Velocimacro : Velocimacro : initialization complete.
2016-11-17 16:26:18,516 - RuntimeInstance successfully initialized.
2016-11-17 16:26:18,523 - ResourceManager : found mailTemplates/register.vm with loader org.apache.velocity.runtime.resource.loader.ClasspathResourceLoader
2016-11-22 09:59:28,480 - Log4JLogChute initialized using file 'velocity.log'
2016-11-22 09:59:28,488 - The version of log4j being used does not support the "trace" level.
2016-11-22 09:59:28,488 - Initializing Velocity, Calling init()...
2016-11-22 09:59:28,488 - *******************************************************************
2016-11-22 09:59:28,488 - Starting Apache Velocity v1.7 (compiled: 2010-11-19 12:14:37)
2016-11-22 09:59:28,488 - RuntimeInstance initializing.
2016-11-22 09:59:28,488 - Default Properties File: org/apache/velocity/runtime/defaults/velocity.properties
2016-11-22 09:59:28,488 - Trying to use logger class org.apache.velocity.runtime.log.AvalonLogChute
2016-11-22 09:59:28,489 - Target log system for org.apache.velocity.runtime.log.AvalonLogChute is not available (java.lang.NoClassDefFoundError: org/apache/log/format/Formatter).  Falling back to next log system...
2016-11-22 09:59:28,489 - Trying to use logger class org.apache.velocity.runtime.log.Log4JLogChute
2016-11-22 09:59:28,489 - Using logger class org.apache.velocity.runtime.log.Log4JLogChute
2016-11-22 09:59:28,489 - Default ResourceManager initializing. (class org.apache.velocity.runtime.resource.ResourceManagerImpl)
2016-11-22 09:59:28,489 - ResourceLoader instantiated: org.apache.velocity.runtime.resource.loader.ClasspathResourceLoader
2016-11-22 09:59:28,489 - ClasspathResourceLoader : initialization complete.
2016-11-22 09:59:28,489 - ResourceCache: initialized (class org.apache.velocity.runtime.resource.ResourceCacheImpl) with class java.util.Collections$SynchronizedMap cache map.
2016-11-22 09:59:28,489 - Default ResourceManager initialization complete.
2016-11-22 09:59:28,489 - Loaded System Directive: org.apache.velocity.runtime.directive.Stop
2016-11-22 09:59:28,489 - Loaded System Directive: org.apache.velocity.runtime.directive.Define
2016-11-22 09:59:28,489 - Loaded System Directive: org.apache.velocity.runtime.directive.Break
2016-11-22 09:59:28,489 - Loaded System Directive: org.apache.velocity.runtime.directive.Evaluate
2016-11-22 09:59:28,489 - Loaded System Directive: org.apache.velocity.runtime.directive.Literal
2016-11-22 09:59:28,489 - Loaded System Directive: org.apache.velocity.runtime.directive.Macro
2016-11-22 09:59:28,489 - Loaded System Directive: org.apache.velocity.runtime.directive.Parse
2016-11-22 09:59:28,489 - Loaded System Directive: org.apache.velocity.runtime.directive.Include
2016-11-22 09:59:28,489 - Loaded System Directive: org.apache.velocity.runtime.directive.Foreach
2016-11-22 09:59:28,490 - Created '20' parsers.
2016-11-22 09:59:28,490 - Velocimacro : initialization starting.
2016-11-22 09:59:28,490 - Velocimacro : "velocimacro.library" is not set.  Trying default library: VM_global_library.vm
2016-11-22 09:59:28,491 - Could not load resource 'VM_global_library.vm' from ResourceLoader org.apache.velocity.runtime.resource.loader.ClasspathResourceLoader: ClasspathResourceLoader Error: cannot find resource VM_global_library.vm
2016-11-22 09:59:28,491 - Velocimacro : Default library not found.
2016-11-22 09:59:28,491 - Velocimacro : allowInline = true : VMs can be defined inline in templates
2016-11-22 09:59:28,491 - Velocimacro : allowInlineToOverride = false : VMs defined inline may NOT replace previous VM definitions
2016-11-22 09:59:28,491 - Velocimacro : allowInlineLocal = false : VMs defined inline will be global in scope if allowed.
2016-11-22 09:59:28,491 - Velocimacro : autoload off : VM system will not automatically reload global library macros
2016-11-22 09:59:28,491 - Velocimacro : Velocimacro : initialization complete.
2016-11-22 09:59:28,491 - RuntimeInstance successfully initialized.
2016-11-22 09:59:28,495 - ResourceManager : found mailTemplates/register.vm with loader org.apache.velocity.runtime.resource.loader.ClasspathResourceLoader
