2016-11-25 12:26:20,922 - Log4JLogChute initialized using file 'velocity.log'
2016-11-25 12:26:20,922 - The version of log4j being used does not support the "trace" level.
2016-11-25 12:26:20,922 - Initializing Velocity, Calling init()...
2016-11-25 12:26:20,922 - *******************************************************************
2016-11-25 12:26:20,922 - Starting Apache Velocity v1.7 (compiled: 2010-11-19 12:14:37)
2016-11-25 12:26:20,922 - RuntimeInstance initializing.
2016-11-25 12:26:20,922 - Default Properties File: org/apache/velocity/runtime/defaults/velocity.properties
2016-11-25 12:26:20,922 - Trying to use logger class org.apache.velocity.runtime.log.AvalonLogChute
2016-11-25 12:26:20,922 - Target log system for org.apache.velocity.runtime.log.AvalonLogChute is not available (java.lang.NoClassDefFoundError: org/apache/log/format/Formatter).  Falling back to next log system...
2016-11-25 12:26:20,922 - Trying to use logger class org.apache.velocity.runtime.log.Log4JLogChute
2016-11-25 12:26:20,922 - Using logger class org.apache.velocity.runtime.log.Log4JLogChute
2016-11-25 12:26:20,922 - Default ResourceManager initializing. (class org.apache.velocity.runtime.resource.ResourceManagerImpl)
2016-11-25 12:26:20,923 - ResourceLoader instantiated: org.apache.velocity.runtime.resource.loader.ClasspathResourceLoader
2016-11-25 12:26:20,923 - ClasspathResourceLoader : initialization complete.
2016-11-25 12:26:20,923 - ResourceCache: initialized (class org.apache.velocity.runtime.resource.ResourceCacheImpl) with class java.util.Collections$SynchronizedMap cache map.
2016-11-25 12:26:20,923 - Default ResourceManager initialization complete.
2016-11-25 12:26:20,923 - Loaded System Directive: org.apache.velocity.runtime.directive.Stop
2016-11-25 12:26:20,923 - Loaded System Directive: org.apache.velocity.runtime.directive.Define
2016-11-25 12:26:20,923 - Loaded System Directive: org.apache.velocity.runtime.directive.Break
2016-11-25 12:26:20,923 - Loaded System Directive: org.apache.velocity.runtime.directive.Evaluate
2016-11-25 12:26:20,923 - Loaded System Directive: org.apache.velocity.runtime.directive.Literal
2016-11-25 12:26:20,923 - Loaded System Directive: org.apache.velocity.runtime.directive.Macro
2016-11-25 12:26:20,923 - Loaded System Directive: org.apache.velocity.runtime.directive.Parse
2016-11-25 12:26:20,923 - Loaded System Directive: org.apache.velocity.runtime.directive.Include
2016-11-25 12:26:20,923 - Loaded System Directive: org.apache.velocity.runtime.directive.Foreach
2016-11-25 12:26:20,925 - Created '20' parsers.
2016-11-25 12:26:20,925 - Velocimacro : initialization starting.
2016-11-25 12:26:20,925 - Velocimacro : "velocimacro.library" is not set.  Trying default library: VM_global_library.vm
2016-11-25 12:26:20,925 - Could not load resource 'VM_global_library.vm' from ResourceLoader org.apache.velocity.runtime.resource.loader.ClasspathResourceLoader: ClasspathResourceLoader Error: cannot find resource VM_global_library.vm
2016-11-25 12:26:20,925 - Velocimacro : Default library not found.
2016-11-25 12:26:20,926 - Velocimacro : allowInline = true : VMs can be defined inline in templates
2016-11-25 12:26:20,926 - Velocimacro : allowInlineToOverride = false : VMs defined inline may NOT replace previous VM definitions
2016-11-25 12:26:20,926 - Velocimacro : allowInlineLocal = false : VMs defined inline will be global in scope if allowed.
2016-11-25 12:26:20,926 - Velocimacro : autoload off : VM system will not automatically reload global library macros
2016-11-25 12:26:20,926 - Velocimacro : Velocimacro : initialization complete.
2016-11-25 12:26:20,926 - RuntimeInstance successfully initialized.
2016-11-25 12:26:20,926 - ResourceManager : found mailTemplates/register.vm with loader org.apache.velocity.runtime.resource.loader.ClasspathResourceLoader
2016-11-25 16:32:01,794 - Log4JLogChute initialized using file 'velocity.log'
2016-11-25 16:32:01,830 - The version of log4j being used does not support the "trace" level.
2016-11-25 16:32:01,830 - Initializing Velocity, Calling init()...
2016-11-25 16:32:01,830 - *******************************************************************
2016-11-25 16:32:01,830 - Starting Apache Velocity v1.7 (compiled: 2010-11-19 12:14:37)
2016-11-25 16:32:01,830 - RuntimeInstance initializing.
2016-11-25 16:32:01,830 - Default Properties File: org/apache/velocity/runtime/defaults/velocity.properties
2016-11-25 16:32:01,830 - Trying to use logger class org.apache.velocity.runtime.log.AvalonLogChute
2016-11-25 16:32:01,830 - Target log system for org.apache.velocity.runtime.log.AvalonLogChute is not available (java.lang.NoClassDefFoundError: org/apache/log/format/Formatter).  Falling back to next log system...
2016-11-25 16:32:01,830 - Trying to use logger class org.apache.velocity.runtime.log.Log4JLogChute
2016-11-25 16:32:01,830 - Using logger class org.apache.velocity.runtime.log.Log4JLogChute
2016-11-25 16:32:01,830 - Default ResourceManager initializing. (class org.apache.velocity.runtime.resource.ResourceManagerImpl)
2016-11-25 16:32:01,830 - ResourceLoader instantiated: org.apache.velocity.runtime.resource.loader.ClasspathResourceLoader
2016-11-25 16:32:01,830 - ClasspathResourceLoader : initialization complete.
2016-11-25 16:32:01,830 - ResourceCache: initialized (class org.apache.velocity.runtime.resource.ResourceCacheImpl) with class java.util.Collections$SynchronizedMap cache map.
2016-11-25 16:32:01,830 - Default ResourceManager initialization complete.
2016-11-25 16:32:01,831 - Loaded System Directive: org.apache.velocity.runtime.directive.Stop
2016-11-25 16:32:01,831 - Loaded System Directive: org.apache.velocity.runtime.directive.Define
2016-11-25 16:32:01,831 - Loaded System Directive: org.apache.velocity.runtime.directive.Break
2016-11-25 16:32:01,831 - Loaded System Directive: org.apache.velocity.runtime.directive.Evaluate
2016-11-25 16:32:01,831 - Loaded System Directive: org.apache.velocity.runtime.directive.Literal
2016-11-25 16:32:01,831 - Loaded System Directive: org.apache.velocity.runtime.directive.Macro
2016-11-25 16:32:01,831 - Loaded System Directive: org.apache.velocity.runtime.directive.Parse
2016-11-25 16:32:01,831 - Loaded System Directive: org.apache.velocity.runtime.directive.Include
2016-11-25 16:32:01,831 - Loaded System Directive: org.apache.velocity.runtime.directive.Foreach
2016-11-25 16:32:01,832 - Created '20' parsers.
2016-11-25 16:32:01,832 - Velocimacro : initialization starting.
2016-11-25 16:32:01,832 - Velocimacro : "velocimacro.library" is not set.  Trying default library: VM_global_library.vm
2016-11-25 16:32:01,832 - Could not load resource 'VM_global_library.vm' from ResourceLoader org.apache.velocity.runtime.resource.loader.ClasspathResourceLoader: ClasspathResourceLoader Error: cannot find resource VM_global_library.vm
2016-11-25 16:32:01,832 - Velocimacro : Default library not found.
2016-11-25 16:32:01,832 - Velocimacro : allowInline = true : VMs can be defined inline in templates
2016-11-25 16:32:01,832 - Velocimacro : allowInlineToOverride = false : VMs defined inline may NOT replace previous VM definitions
2016-11-25 16:32:01,832 - Velocimacro : allowInlineLocal = false : VMs defined inline will be global in scope if allowed.
2016-11-25 16:32:01,832 - Velocimacro : autoload off : VM system will not automatically reload global library macros
2016-11-25 16:32:01,832 - Velocimacro : Velocimacro : initialization complete.
2016-11-25 16:32:01,832 - RuntimeInstance successfully initialized.
2016-11-25 16:32:01,833 - ResourceManager : found mailTemplates/resetPassword.vm with loader org.apache.velocity.runtime.resource.loader.ClasspathResourceLoader
2016-11-25 16:34:33,863 - ResourceManager : found mailTemplates/resetPassword.vm with loader org.apache.velocity.runtime.resource.loader.ClasspathResourceLoader
2016-11-25 16:42:54,284 - Log4JLogChute initialized using file 'velocity.log'
2016-11-25 16:42:54,284 - Log4JLogChute initialized using file 'velocity.log'
2016-11-25 16:42:54,292 - The version of log4j being used does not support the "trace" level.
2016-11-25 16:42:54,292 - The version of log4j being used does not support the "trace" level.
2016-11-25 16:42:54,292 - Initializing Velocity, Calling init()...
2016-11-25 16:42:54,292 - Initializing Velocity, Calling init()...
2016-11-25 16:42:54,292 - *******************************************************************
2016-11-25 16:42:54,292 - *******************************************************************
2016-11-25 16:42:54,292 - Starting Apache Velocity v1.7 (compiled: 2010-11-19 12:14:37)
2016-11-25 16:42:54,292 - Starting Apache Velocity v1.7 (compiled: 2010-11-19 12:14:37)
2016-11-25 16:42:54,292 - RuntimeInstance initializing.
2016-11-25 16:42:54,292 - RuntimeInstance initializing.
2016-11-25 16:42:54,293 - Default Properties File: org/apache/velocity/runtime/defaults/velocity.properties
2016-11-25 16:42:54,293 - Default Properties File: org/apache/velocity/runtime/defaults/velocity.properties
2016-11-25 16:42:54,293 - Trying to use logger class org.apache.velocity.runtime.log.AvalonLogChute
2016-11-25 16:42:54,293 - Trying to use logger class org.apache.velocity.runtime.log.AvalonLogChute
2016-11-25 16:42:54,293 - Target log system for org.apache.velocity.runtime.log.AvalonLogChute is not available (java.lang.NoClassDefFoundError: org/apache/log/format/Formatter).  Falling back to next log system...
2016-11-25 16:42:54,293 - Target log system for org.apache.velocity.runtime.log.AvalonLogChute is not available (java.lang.NoClassDefFoundError: org/apache/log/format/Formatter).  Falling back to next log system...
2016-11-25 16:42:54,293 - Trying to use logger class org.apache.velocity.runtime.log.Log4JLogChute
2016-11-25 16:42:54,293 - Trying to use logger class org.apache.velocity.runtime.log.Log4JLogChute
2016-11-25 16:42:54,293 - Using logger class org.apache.velocity.runtime.log.Log4JLogChute
2016-11-25 16:42:54,293 - Using logger class org.apache.velocity.runtime.log.Log4JLogChute
2016-11-25 16:42:54,293 - Default ResourceManager initializing. (class org.apache.velocity.runtime.resource.ResourceManagerImpl)
2016-11-25 16:42:54,293 - Default ResourceManager initializing. (class org.apache.velocity.runtime.resource.ResourceManagerImpl)
2016-11-25 16:42:54,293 - ResourceLoader instantiated: org.apache.velocity.runtime.resource.loader.ClasspathResourceLoader
2016-11-25 16:42:54,293 - ResourceLoader instantiated: org.apache.velocity.runtime.resource.loader.ClasspathResourceLoader
2016-11-25 16:42:54,293 - ClasspathResourceLoader : initialization complete.
2016-11-25 16:42:54,293 - ClasspathResourceLoader : initialization complete.
2016-11-25 16:42:54,293 - ResourceCache: initialized (class org.apache.velocity.runtime.resource.ResourceCacheImpl) with class java.util.Collections$SynchronizedMap cache map.
2016-11-25 16:42:54,293 - ResourceCache: initialized (class org.apache.velocity.runtime.resource.ResourceCacheImpl) with class java.util.Collections$SynchronizedMap cache map.
2016-11-25 16:42:54,293 - Default ResourceManager initialization complete.
2016-11-25 16:42:54,293 - Default ResourceManager initialization complete.
2016-11-25 16:42:54,294 - Loaded System Directive: org.apache.velocity.runtime.directive.Stop
2016-11-25 16:42:54,294 - Loaded System Directive: org.apache.velocity.runtime.directive.Stop
2016-11-25 16:42:54,294 - Loaded System Directive: org.apache.velocity.runtime.directive.Define
2016-11-25 16:42:54,294 - Loaded System Directive: org.apache.velocity.runtime.directive.Define
2016-11-25 16:42:54,294 - Loaded System Directive: org.apache.velocity.runtime.directive.Break
2016-11-25 16:42:54,294 - Loaded System Directive: org.apache.velocity.runtime.directive.Break
2016-11-25 16:42:54,294 - Loaded System Directive: org.apache.velocity.runtime.directive.Evaluate
2016-11-25 16:42:54,294 - Loaded System Directive: org.apache.velocity.runtime.directive.Evaluate
2016-11-25 16:42:54,294 - Loaded System Directive: org.apache.velocity.runtime.directive.Literal
2016-11-25 16:42:54,294 - Loaded System Directive: org.apache.velocity.runtime.directive.Literal
2016-11-25 16:42:54,294 - Loaded System Directive: org.apache.velocity.runtime.directive.Macro
2016-11-25 16:42:54,294 - Loaded System Directive: org.apache.velocity.runtime.directive.Macro
2016-11-25 16:42:54,294 - Loaded System Directive: org.apache.velocity.runtime.directive.Parse
2016-11-25 16:42:54,294 - Loaded System Directive: org.apache.velocity.runtime.directive.Parse
2016-11-25 16:42:54,294 - Loaded System Directive: org.apache.velocity.runtime.directive.Include
2016-11-25 16:42:54,294 - Loaded System Directive: org.apache.velocity.runtime.directive.Include
2016-11-25 16:42:54,294 - Loaded System Directive: org.apache.velocity.runtime.directive.Foreach
2016-11-25 16:42:54,294 - Loaded System Directive: org.apache.velocity.runtime.directive.Foreach
2016-11-25 16:42:54,294 - Created '20' parsers.
2016-11-25 16:42:54,294 - Created '20' parsers.
2016-11-25 16:42:54,294 - Velocimacro : initialization starting.
2016-11-25 16:42:54,294 - Velocimacro : initialization starting.
2016-11-25 16:42:54,295 - Velocimacro : "velocimacro.library" is not set.  Trying default library: VM_global_library.vm
2016-11-25 16:42:54,295 - Velocimacro : "velocimacro.library" is not set.  Trying default library: VM_global_library.vm
2016-11-25 16:42:54,297 - Could not load resource 'VM_global_library.vm' from ResourceLoader org.apache.velocity.runtime.resource.loader.ClasspathResourceLoader: ClasspathResourceLoader Error: cannot find resource VM_global_library.vm
2016-11-25 16:42:54,297 - Could not load resource 'VM_global_library.vm' from ResourceLoader org.apache.velocity.runtime.resource.loader.ClasspathResourceLoader: ClasspathResourceLoader Error: cannot find resource VM_global_library.vm
2016-11-25 16:42:54,297 - Velocimacro : Default library not found.
2016-11-25 16:42:54,297 - Velocimacro : Default library not found.
2016-11-25 16:42:54,297 - Velocimacro : allowInline = true : VMs can be defined inline in templates
2016-11-25 16:42:54,297 - Velocimacro : allowInline = true : VMs can be defined inline in templates
2016-11-25 16:42:54,297 - Velocimacro : allowInlineToOverride = false : VMs defined inline may NOT replace previous VM definitions
2016-11-25 16:42:54,297 - Velocimacro : allowInlineToOverride = false : VMs defined inline may NOT replace previous VM definitions
2016-11-25 16:42:54,297 - Velocimacro : allowInlineLocal = false : VMs defined inline will be global in scope if allowed.
2016-11-25 16:42:54,297 - Velocimacro : allowInlineLocal = false : VMs defined inline will be global in scope if allowed.
2016-11-25 16:42:54,297 - Velocimacro : autoload off : VM system will not automatically reload global library macros
2016-11-25 16:42:54,297 - Velocimacro : autoload off : VM system will not automatically reload global library macros
2016-11-25 16:42:54,297 - Velocimacro : Velocimacro : initialization complete.
2016-11-25 16:42:54,297 - Velocimacro : Velocimacro : initialization complete.
2016-11-25 16:42:54,297 - RuntimeInstance successfully initialized.
2016-11-25 16:42:54,297 - RuntimeInstance successfully initialized.
2016-11-25 16:42:54,298 - ResourceManager : unable to find resource 'mailTemplates/resetPassword.vm' in any resource loader.
2016-11-25 16:42:54,298 - ResourceManager : unable to find resource 'mailTemplates/resetPassword.vm' in any resource loader.
2016-11-25 16:45:16,549 - Log4JLogChute initialized using file 'velocity.log'
2016-11-25 16:45:16,549 - Log4JLogChute initialized using file 'velocity.log'
2016-11-25 16:45:16,550 - The version of log4j being used does not support the "trace" level.
2016-11-25 16:45:16,550 - The version of log4j being used does not support the "trace" level.
2016-11-25 16:45:16,550 - Initializing Velocity, Calling init()...
2016-11-25 16:45:16,550 - Initializing Velocity, Calling init()...
2016-11-25 16:45:16,550 - *******************************************************************
2016-11-25 16:45:16,550 - *******************************************************************
2016-11-25 16:45:16,550 - Starting Apache Velocity v1.7 (compiled: 2010-11-19 12:14:37)
2016-11-25 16:45:16,550 - Starting Apache Velocity v1.7 (compiled: 2010-11-19 12:14:37)
2016-11-25 16:45:16,550 - RuntimeInstance initializing.
2016-11-25 16:45:16,550 - RuntimeInstance initializing.
2016-11-25 16:45:16,550 - Default Properties File: org/apache/velocity/runtime/defaults/velocity.properties
2016-11-25 16:45:16,550 - Default Properties File: org/apache/velocity/runtime/defaults/velocity.properties
2016-11-25 16:45:16,550 - Trying to use logger class org.apache.velocity.runtime.log.AvalonLogChute
2016-11-25 16:45:16,550 - Trying to use logger class org.apache.velocity.runtime.log.AvalonLogChute
2016-11-25 16:45:16,550 - Target log system for org.apache.velocity.runtime.log.AvalonLogChute is not available (java.lang.NoClassDefFoundError: org/apache/log/format/Formatter).  Falling back to next log system...
2016-11-25 16:45:16,550 - Target log system for org.apache.velocity.runtime.log.AvalonLogChute is not available (java.lang.NoClassDefFoundError: org/apache/log/format/Formatter).  Falling back to next log system...
2016-11-25 16:45:16,550 - Trying to use logger class org.apache.velocity.runtime.log.Log4JLogChute
2016-11-25 16:45:16,550 - Trying to use logger class org.apache.velocity.runtime.log.Log4JLogChute
2016-11-25 16:45:16,550 - Using logger class org.apache.velocity.runtime.log.Log4JLogChute
2016-11-25 16:45:16,550 - Using logger class org.apache.velocity.runtime.log.Log4JLogChute
2016-11-25 16:45:16,550 - Default ResourceManager initializing. (class org.apache.velocity.runtime.resource.ResourceManagerImpl)
2016-11-25 16:45:16,550 - Default ResourceManager initializing. (class org.apache.velocity.runtime.resource.ResourceManagerImpl)
2016-11-25 16:45:16,550 - ResourceLoader instantiated: org.apache.velocity.runtime.resource.loader.ClasspathResourceLoader
2016-11-25 16:45:16,550 - ResourceLoader instantiated: org.apache.velocity.runtime.resource.loader.ClasspathResourceLoader
2016-11-25 16:45:16,550 - ClasspathResourceLoader : initialization complete.
2016-11-25 16:45:16,550 - ClasspathResourceLoader : initialization complete.
2016-11-25 16:45:16,550 - ResourceCache: initialized (class org.apache.velocity.runtime.resource.ResourceCacheImpl) with class java.util.Collections$SynchronizedMap cache map.
2016-11-25 16:45:16,550 - ResourceCache: initialized (class org.apache.velocity.runtime.resource.ResourceCacheImpl) with class java.util.Collections$SynchronizedMap cache map.
2016-11-25 16:45:16,550 - Default ResourceManager initialization complete.
2016-11-25 16:45:16,550 - Default ResourceManager initialization complete.
2016-11-25 16:45:16,550 - Loaded System Directive: org.apache.velocity.runtime.directive.Stop
2016-11-25 16:45:16,550 - Loaded System Directive: org.apache.velocity.runtime.directive.Stop
2016-11-25 16:45:16,550 - Loaded System Directive: org.apache.velocity.runtime.directive.Define
2016-11-25 16:45:16,550 - Loaded System Directive: org.apache.velocity.runtime.directive.Define
2016-11-25 16:45:16,550 - Loaded System Directive: org.apache.velocity.runtime.directive.Break
2016-11-25 16:45:16,550 - Loaded System Directive: org.apache.velocity.runtime.directive.Break
2016-11-25 16:45:16,550 - Loaded System Directive: org.apache.velocity.runtime.directive.Evaluate
2016-11-25 16:45:16,550 - Loaded System Directive: org.apache.velocity.runtime.directive.Evaluate
2016-11-25 16:45:16,550 - Loaded System Directive: org.apache.velocity.runtime.directive.Literal
2016-11-25 16:45:16,550 - Loaded System Directive: org.apache.velocity.runtime.directive.Literal
2016-11-25 16:45:16,550 - Loaded System Directive: org.apache.velocity.runtime.directive.Macro
2016-11-25 16:45:16,550 - Loaded System Directive: org.apache.velocity.runtime.directive.Macro
2016-11-25 16:45:16,550 - Loaded System Directive: org.apache.velocity.runtime.directive.Parse
2016-11-25 16:45:16,550 - Loaded System Directive: org.apache.velocity.runtime.directive.Parse
2016-11-25 16:45:16,550 - Loaded System Directive: org.apache.velocity.runtime.directive.Include
2016-11-25 16:45:16,550 - Loaded System Directive: org.apache.velocity.runtime.directive.Include
2016-11-25 16:45:16,550 - Loaded System Directive: org.apache.velocity.runtime.directive.Foreach
2016-11-25 16:45:16,550 - Loaded System Directive: org.apache.velocity.runtime.directive.Foreach
2016-11-25 16:45:16,551 - Created '20' parsers.
2016-11-25 16:45:16,551 - Created '20' parsers.
2016-11-25 16:45:16,551 - Velocimacro : initialization starting.
2016-11-25 16:45:16,551 - Velocimacro : initialization starting.
2016-11-25 16:45:16,551 - Velocimacro : "velocimacro.library" is not set.  Trying default library: VM_global_library.vm
2016-11-25 16:45:16,551 - Velocimacro : "velocimacro.library" is not set.  Trying default library: VM_global_library.vm
2016-11-25 16:45:16,552 - Could not load resource 'VM_global_library.vm' from ResourceLoader org.apache.velocity.runtime.resource.loader.ClasspathResourceLoader: ClasspathResourceLoader Error: cannot find resource VM_global_library.vm
2016-11-25 16:45:16,552 - Could not load resource 'VM_global_library.vm' from ResourceLoader org.apache.velocity.runtime.resource.loader.ClasspathResourceLoader: ClasspathResourceLoader Error: cannot find resource VM_global_library.vm
2016-11-25 16:45:16,552 - Velocimacro : Default library not found.
2016-11-25 16:45:16,552 - Velocimacro : Default library not found.
2016-11-25 16:45:16,552 - Velocimacro : allowInline = true : VMs can be defined inline in templates
2016-11-25 16:45:16,552 - Velocimacro : allowInline = true : VMs can be defined inline in templates
2016-11-25 16:45:16,552 - Velocimacro : allowInlineToOverride = false : VMs defined inline may NOT replace previous VM definitions
2016-11-25 16:45:16,552 - Velocimacro : allowInlineToOverride = false : VMs defined inline may NOT replace previous VM definitions
2016-11-25 16:45:16,552 - Velocimacro : allowInlineLocal = false : VMs defined inline will be global in scope if allowed.
2016-11-25 16:45:16,552 - Velocimacro : allowInlineLocal = false : VMs defined inline will be global in scope if allowed.
2016-11-25 16:45:16,552 - Velocimacro : autoload off : VM system will not automatically reload global library macros
2016-11-25 16:45:16,552 - Velocimacro : autoload off : VM system will not automatically reload global library macros
2016-11-25 16:45:16,552 - Velocimacro : Velocimacro : initialization complete.
2016-11-25 16:45:16,552 - Velocimacro : Velocimacro : initialization complete.
2016-11-25 16:45:16,552 - RuntimeInstance successfully initialized.
2016-11-25 16:45:16,552 - RuntimeInstance successfully initialized.
2016-11-25 16:45:16,552 - ResourceManager : unable to find resource 'mailTemplates/resetPassword.vm' in any resource loader.
2016-11-25 16:45:16,552 - ResourceManager : unable to find resource 'mailTemplates/resetPassword.vm' in any resource loader.
2016-11-25 16:46:14,378 - Log4JLogChute initialized using file 'velocity.log'
2016-11-25 16:46:14,378 - Log4JLogChute initialized using file 'velocity.log'
2016-11-25 16:46:14,379 - The version of log4j being used does not support the "trace" level.
2016-11-25 16:46:14,379 - The version of log4j being used does not support the "trace" level.
2016-11-25 16:46:14,380 - Initializing Velocity, Calling init()...
2016-11-25 16:46:14,380 - Initializing Velocity, Calling init()...
2016-11-25 16:46:14,380 - *******************************************************************
2016-11-25 16:46:14,380 - *******************************************************************
2016-11-25 16:46:14,380 - Starting Apache Velocity v1.7 (compiled: 2010-11-19 12:14:37)
2016-11-25 16:46:14,380 - Starting Apache Velocity v1.7 (compiled: 2010-11-19 12:14:37)
2016-11-25 16:46:14,380 - RuntimeInstance initializing.
2016-11-25 16:46:14,380 - RuntimeInstance initializing.
2016-11-25 16:46:14,380 - Default Properties File: org/apache/velocity/runtime/defaults/velocity.properties
2016-11-25 16:46:14,380 - Default Properties File: org/apache/velocity/runtime/defaults/velocity.properties
2016-11-25 16:46:14,380 - Trying to use logger class org.apache.velocity.runtime.log.AvalonLogChute
2016-11-25 16:46:14,380 - Trying to use logger class org.apache.velocity.runtime.log.AvalonLogChute
2016-11-25 16:46:14,380 - Target log system for org.apache.velocity.runtime.log.AvalonLogChute is not available (java.lang.NoClassDefFoundError: org/apache/log/format/Formatter).  Falling back to next log system...
2016-11-25 16:46:14,380 - Target log system for org.apache.velocity.runtime.log.AvalonLogChute is not available (java.lang.NoClassDefFoundError: org/apache/log/format/Formatter).  Falling back to next log system...
2016-11-25 16:46:14,380 - Trying to use logger class org.apache.velocity.runtime.log.Log4JLogChute
2016-11-25 16:46:14,380 - Trying to use logger class org.apache.velocity.runtime.log.Log4JLogChute
2016-11-25 16:46:14,380 - Using logger class org.apache.velocity.runtime.log.Log4JLogChute
2016-11-25 16:46:14,380 - Using logger class org.apache.velocity.runtime.log.Log4JLogChute
2016-11-25 16:46:14,380 - Default ResourceManager initializing. (class org.apache.velocity.runtime.resource.ResourceManagerImpl)
2016-11-25 16:46:14,380 - Default ResourceManager initializing. (class org.apache.velocity.runtime.resource.ResourceManagerImpl)
2016-11-25 16:46:14,380 - ResourceLoader instantiated: org.apache.velocity.runtime.resource.loader.ClasspathResourceLoader
2016-11-25 16:46:14,380 - ResourceLoader instantiated: org.apache.velocity.runtime.resource.loader.ClasspathResourceLoader
2016-11-25 16:46:14,380 - ClasspathResourceLoader : initialization complete.
2016-11-25 16:46:14,380 - ClasspathResourceLoader : initialization complete.
2016-11-25 16:46:14,380 - ResourceCache: initialized (class org.apache.velocity.runtime.resource.ResourceCacheImpl) with class java.util.Collections$SynchronizedMap cache map.
2016-11-25 16:46:14,380 - ResourceCache: initialized (class org.apache.velocity.runtime.resource.ResourceCacheImpl) with class java.util.Collections$SynchronizedMap cache map.
2016-11-25 16:46:14,380 - Default ResourceManager initialization complete.
2016-11-25 16:46:14,380 - Default ResourceManager initialization complete.
2016-11-25 16:46:14,380 - Loaded System Directive: org.apache.velocity.runtime.directive.Stop
2016-11-25 16:46:14,380 - Loaded System Directive: org.apache.velocity.runtime.directive.Stop
2016-11-25 16:46:14,380 - Loaded System Directive: org.apache.velocity.runtime.directive.Define
2016-11-25 16:46:14,380 - Loaded System Directive: org.apache.velocity.runtime.directive.Define
2016-11-25 16:46:14,380 - Loaded System Directive: org.apache.velocity.runtime.directive.Break
2016-11-25 16:46:14,380 - Loaded System Directive: org.apache.velocity.runtime.directive.Break
2016-11-25 16:46:14,380 - Loaded System Directive: org.apache.velocity.runtime.directive.Evaluate
2016-11-25 16:46:14,380 - Loaded System Directive: org.apache.velocity.runtime.directive.Evaluate
2016-11-25 16:46:14,380 - Loaded System Directive: org.apache.velocity.runtime.directive.Literal
2016-11-25 16:46:14,380 - Loaded System Directive: org.apache.velocity.runtime.directive.Literal
2016-11-25 16:46:14,380 - Loaded System Directive: org.apache.velocity.runtime.directive.Macro
2016-11-25 16:46:14,380 - Loaded System Directive: org.apache.velocity.runtime.directive.Macro
2016-11-25 16:46:14,380 - Loaded System Directive: org.apache.velocity.runtime.directive.Parse
2016-11-25 16:46:14,380 - Loaded System Directive: org.apache.velocity.runtime.directive.Parse
2016-11-25 16:46:14,380 - Loaded System Directive: org.apache.velocity.runtime.directive.Include
2016-11-25 16:46:14,380 - Loaded System Directive: org.apache.velocity.runtime.directive.Include
2016-11-25 16:46:14,380 - Loaded System Directive: org.apache.velocity.runtime.directive.Foreach
2016-11-25 16:46:14,380 - Loaded System Directive: org.apache.velocity.runtime.directive.Foreach
2016-11-25 16:46:14,388 - Created '20' parsers.
2016-11-25 16:46:14,388 - Created '20' parsers.
2016-11-25 16:46:14,388 - Velocimacro : initialization starting.
2016-11-25 16:46:14,388 - Velocimacro : initialization starting.
2016-11-25 16:46:14,388 - Velocimacro : "velocimacro.library" is not set.  Trying default library: VM_global_library.vm
2016-11-25 16:46:14,388 - Velocimacro : "velocimacro.library" is not set.  Trying default library: VM_global_library.vm
2016-11-25 16:46:14,389 - Could not load resource 'VM_global_library.vm' from ResourceLoader org.apache.velocity.runtime.resource.loader.ClasspathResourceLoader: ClasspathResourceLoader Error: cannot find resource VM_global_library.vm
2016-11-25 16:46:14,389 - Could not load resource 'VM_global_library.vm' from ResourceLoader org.apache.velocity.runtime.resource.loader.ClasspathResourceLoader: ClasspathResourceLoader Error: cannot find resource VM_global_library.vm
2016-11-25 16:46:14,389 - Velocimacro : Default library not found.
2016-11-25 16:46:14,389 - Velocimacro : Default library not found.
2016-11-25 16:46:14,389 - Velocimacro : allowInline = true : VMs can be defined inline in templates
2016-11-25 16:46:14,389 - Velocimacro : allowInline = true : VMs can be defined inline in templates
2016-11-25 16:46:14,389 - Velocimacro : allowInlineToOverride = false : VMs defined inline may NOT replace previous VM definitions
2016-11-25 16:46:14,389 - Velocimacro : allowInlineToOverride = false : VMs defined inline may NOT replace previous VM definitions
2016-11-25 16:46:14,389 - Velocimacro : allowInlineLocal = false : VMs defined inline will be global in scope if allowed.
2016-11-25 16:46:14,389 - Velocimacro : allowInlineLocal = false : VMs defined inline will be global in scope if allowed.
2016-11-25 16:46:14,389 - Velocimacro : autoload off : VM system will not automatically reload global library macros
2016-11-25 16:46:14,389 - Velocimacro : autoload off : VM system will not automatically reload global library macros
2016-11-25 16:46:14,389 - Velocimacro : Velocimacro : initialization complete.
2016-11-25 16:46:14,389 - Velocimacro : Velocimacro : initialization complete.
2016-11-25 16:46:14,389 - RuntimeInstance successfully initialized.
2016-11-25 16:46:14,389 - RuntimeInstance successfully initialized.
2016-11-25 16:46:14,390 - ResourceManager : found mailTemplates/recover.vm with loader org.apache.velocity.runtime.resource.loader.ClasspathResourceLoader
2016-11-25 16:46:14,390 - ResourceManager : found mailTemplates/recover.vm with loader org.apache.velocity.runtime.resource.loader.ClasspathResourceLoader
2016-12-06 18:09:03,842 - Log4JLogChute initialized using file 'velocity.log'
2016-12-06 18:09:03,856 - The version of log4j being used does not support the "trace" level.
2016-12-06 18:09:03,856 - Initializing Velocity, Calling init()...
2016-12-06 18:09:03,856 - *******************************************************************
2016-12-06 18:09:03,856 - Starting Apache Velocity v1.7 (compiled: 2010-11-19 12:14:37)
2016-12-06 18:09:03,856 - RuntimeInstance initializing.
2016-12-06 18:09:03,856 - Default Properties File: org/apache/velocity/runtime/defaults/velocity.properties
2016-12-06 18:09:03,856 - Trying to use logger class org.apache.velocity.runtime.log.AvalonLogChute
2016-12-06 18:09:03,856 - Target log system for org.apache.velocity.runtime.log.AvalonLogChute is not available (java.lang.NoClassDefFoundError: org/apache/log/format/Formatter).  Falling back to next log system...
2016-12-06 18:09:03,856 - Trying to use logger class org.apache.velocity.runtime.log.Log4JLogChute
2016-12-06 18:09:03,857 - Using logger class org.apache.velocity.runtime.log.Log4JLogChute
2016-12-06 18:09:03,857 - Default ResourceManager initializing. (class org.apache.velocity.runtime.resource.ResourceManagerImpl)
2016-12-06 18:09:03,857 - ResourceLoader instantiated: org.apache.velocity.runtime.resource.loader.ClasspathResourceLoader
2016-12-06 18:09:03,857 - ClasspathResourceLoader : initialization complete.
2016-12-06 18:09:03,857 - ResourceCache: initialized (class org.apache.velocity.runtime.resource.ResourceCacheImpl) with class java.util.Collections$SynchronizedMap cache map.
2016-12-06 18:09:03,857 - Default ResourceManager initialization complete.
2016-12-06 18:09:03,857 - Loaded System Directive: org.apache.velocity.runtime.directive.Stop
2016-12-06 18:09:03,857 - Loaded System Directive: org.apache.velocity.runtime.directive.Define
2016-12-06 18:09:03,857 - Loaded System Directive: org.apache.velocity.runtime.directive.Break
2016-12-06 18:09:03,857 - Loaded System Directive: org.apache.velocity.runtime.directive.Evaluate
2016-12-06 18:09:03,857 - Loaded System Directive: org.apache.velocity.runtime.directive.Literal
2016-12-06 18:09:03,857 - Loaded System Directive: org.apache.velocity.runtime.directive.Macro
2016-12-06 18:09:03,857 - Loaded System Directive: org.apache.velocity.runtime.directive.Parse
2016-12-06 18:09:03,857 - Loaded System Directive: org.apache.velocity.runtime.directive.Include
2016-12-06 18:09:03,858 - Loaded System Directive: org.apache.velocity.runtime.directive.Foreach
2016-12-06 18:09:03,858 - Created '20' parsers.
2016-12-06 18:09:03,858 - Velocimacro : initialization starting.
2016-12-06 18:09:03,858 - Velocimacro : "velocimacro.library" is not set.  Trying default library: VM_global_library.vm
2016-12-06 18:09:03,859 - Could not load resource 'VM_global_library.vm' from ResourceLoader org.apache.velocity.runtime.resource.loader.ClasspathResourceLoader: ClasspathResourceLoader Error: cannot find resource VM_global_library.vm
2016-12-06 18:09:03,859 - Velocimacro : Default library not found.
2016-12-06 18:09:03,859 - Velocimacro : allowInline = true : VMs can be defined inline in templates
2016-12-06 18:09:03,859 - Velocimacro : allowInlineToOverride = false : VMs defined inline may NOT replace previous VM definitions
2016-12-06 18:09:03,859 - Velocimacro : allowInlineLocal = false : VMs defined inline will be global in scope if allowed.
2016-12-06 18:09:03,859 - Velocimacro : autoload off : VM system will not automatically reload global library macros
2016-12-06 18:09:03,859 - Velocimacro : Velocimacro : initialization complete.
2016-12-06 18:09:03,859 - RuntimeInstance successfully initialized.
2016-12-06 18:09:03,860 - ResourceManager : found mailTemplates/register.vm with loader org.apache.velocity.runtime.resource.loader.ClasspathResourceLoader
2016-12-07 17:14:13,946 - Log4JLogChute initialized using file 'velocity.log'
2016-12-07 17:14:13,946 - The version of log4j being used does not support the "trace" level.
2016-12-07 17:14:13,946 - Initializing Velocity, Calling init()...
2016-12-07 17:14:13,946 - *******************************************************************
2016-12-07 17:14:13,946 - Starting Apache Velocity v1.7 (compiled: 2010-11-19 12:14:37)
2016-12-07 17:14:13,946 - RuntimeInstance initializing.
2016-12-07 17:14:13,946 - Default Properties File: org/apache/velocity/runtime/defaults/velocity.properties
2016-12-07 17:14:13,946 - Trying to use logger class org.apache.velocity.runtime.log.AvalonLogChute
2016-12-07 17:14:13,946 - Target log system for org.apache.velocity.runtime.log.AvalonLogChute is not available (java.lang.NoClassDefFoundError: org/apache/log/format/Formatter).  Falling back to next log system...
2016-12-07 17:14:13,946 - Trying to use logger class org.apache.velocity.runtime.log.Log4JLogChute
2016-12-07 17:14:13,946 - Using logger class org.apache.velocity.runtime.log.Log4JLogChute
2016-12-07 17:14:13,946 - Default ResourceManager initializing. (class org.apache.velocity.runtime.resource.ResourceManagerImpl)
2016-12-07 17:14:13,946 - ResourceLoader instantiated: org.apache.velocity.runtime.resource.loader.ClasspathResourceLoader
2016-12-07 17:14:13,946 - ClasspathResourceLoader : initialization complete.
2016-12-07 17:14:13,946 - ResourceCache: initialized (class org.apache.velocity.runtime.resource.ResourceCacheImpl) with class java.util.Collections$SynchronizedMap cache map.
2016-12-07 17:14:13,946 - Default ResourceManager initialization complete.
2016-12-07 17:14:13,947 - Loaded System Directive: org.apache.velocity.runtime.directive.Stop
2016-12-07 17:14:13,947 - Loaded System Directive: org.apache.velocity.runtime.directive.Define
2016-12-07 17:14:13,947 - Loaded System Directive: org.apache.velocity.runtime.directive.Break
2016-12-07 17:14:13,947 - Loaded System Directive: org.apache.velocity.runtime.directive.Evaluate
2016-12-07 17:14:13,947 - Loaded System Directive: org.apache.velocity.runtime.directive.Literal
2016-12-07 17:14:13,947 - Loaded System Directive: org.apache.velocity.runtime.directive.Macro
2016-12-07 17:14:13,947 - Loaded System Directive: org.apache.velocity.runtime.directive.Parse
2016-12-07 17:14:13,947 - Loaded System Directive: org.apache.velocity.runtime.directive.Include
2016-12-07 17:14:13,947 - Loaded System Directive: org.apache.velocity.runtime.directive.Foreach
2016-12-07 17:14:13,948 - Created '20' parsers.
2016-12-07 17:14:13,948 - Velocimacro : initialization starting.
2016-12-07 17:14:13,948 - Velocimacro : "velocimacro.library" is not set.  Trying default library: VM_global_library.vm
2016-12-07 17:14:13,949 - Could not load resource 'VM_global_library.vm' from ResourceLoader org.apache.velocity.runtime.resource.loader.ClasspathResourceLoader: ClasspathResourceLoader Error: cannot find resource VM_global_library.vm
2016-12-07 17:14:13,949 - Velocimacro : Default library not found.
2016-12-07 17:14:13,949 - Velocimacro : allowInline = true : VMs can be defined inline in templates
2016-12-07 17:14:13,949 - Velocimacro : allowInlineToOverride = false : VMs defined inline may NOT replace previous VM definitions
2016-12-07 17:14:13,949 - Velocimacro : allowInlineLocal = false : VMs defined inline will be global in scope if allowed.
2016-12-07 17:14:13,949 - Velocimacro : autoload off : VM system will not automatically reload global library macros
2016-12-07 17:14:13,949 - Velocimacro : Velocimacro : initialization complete.
2016-12-07 17:14:13,949 - RuntimeInstance successfully initialized.
2016-12-07 17:14:13,949 - ResourceManager : found mailTemplates/register.vm with loader org.apache.velocity.runtime.resource.loader.ClasspathResourceLoader
2016-12-07 17:14:57,278 - ResourceManager : found mailTemplates/register.vm with loader org.apache.velocity.runtime.resource.loader.ClasspathResourceLoader
2017-01-24 18:04:25,909 - Log4JLogChute initialized using file 'velocity.log'
2017-01-24 18:04:25,914 - The version of log4j being used does not support the "trace" level.
2017-01-24 18:04:25,915 - Initializing Velocity, Calling init()...
2017-01-24 18:04:25,915 - *******************************************************************
2017-01-24 18:04:25,915 - Starting Apache Velocity v1.7 (compiled: 2010-11-19 12:14:37)
2017-01-24 18:04:25,915 - RuntimeInstance initializing.
2017-01-24 18:04:25,915 - Default Properties File: org/apache/velocity/runtime/defaults/velocity.properties
2017-01-24 18:04:25,915 - Trying to use logger class org.apache.velocity.runtime.log.AvalonLogChute
2017-01-24 18:04:25,915 - Target log system for org.apache.velocity.runtime.log.AvalonLogChute is not available (java.lang.NoClassDefFoundError: org/apache/log/format/Formatter).  Falling back to next log system...
2017-01-24 18:04:25,915 - Trying to use logger class org.apache.velocity.runtime.log.Log4JLogChute
2017-01-24 18:04:25,915 - Using logger class org.apache.velocity.runtime.log.Log4JLogChute
2017-01-24 18:04:25,915 - Default ResourceManager initializing. (class org.apache.velocity.runtime.resource.ResourceManagerImpl)
2017-01-24 18:04:25,915 - ResourceLoader instantiated: org.apache.velocity.runtime.resource.loader.ClasspathResourceLoader
2017-01-24 18:04:25,915 - ClasspathResourceLoader : initialization complete.
2017-01-24 18:04:25,916 - ResourceCache: initialized (class org.apache.velocity.runtime.resource.ResourceCacheImpl) with class java.util.Collections$SynchronizedMap cache map.
2017-01-24 18:04:25,916 - Default ResourceManager initialization complete.
2017-01-24 18:04:25,916 - Loaded System Directive: org.apache.velocity.runtime.directive.Stop
2017-01-24 18:04:25,916 - Loaded System Directive: org.apache.velocity.runtime.directive.Define
2017-01-24 18:04:25,916 - Loaded System Directive: org.apache.velocity.runtime.directive.Break
2017-01-24 18:04:25,916 - Loaded System Directive: org.apache.velocity.runtime.directive.Evaluate
2017-01-24 18:04:25,916 - Loaded System Directive: org.apache.velocity.runtime.directive.Literal
2017-01-24 18:04:25,916 - Loaded System Directive: org.apache.velocity.runtime.directive.Macro
2017-01-24 18:04:25,916 - Loaded System Directive: org.apache.velocity.runtime.directive.Parse
2017-01-24 18:04:25,916 - Loaded System Directive: org.apache.velocity.runtime.directive.Include
2017-01-24 18:04:25,916 - Loaded System Directive: org.apache.velocity.runtime.directive.Foreach
2017-01-24 18:04:25,919 - Created '20' parsers.
2017-01-24 18:04:25,919 - Velocimacro : initialization starting.
2017-01-24 18:04:25,919 - Velocimacro : "velocimacro.library" is not set.  Trying default library: VM_global_library.vm
2017-01-24 18:04:25,920 - Could not load resource 'VM_global_library.vm' from ResourceLoader org.apache.velocity.runtime.resource.loader.ClasspathResourceLoader: ClasspathResourceLoader Error: cannot find resource VM_global_library.vm
2017-01-24 18:04:25,920 - Velocimacro : Default library not found.
2017-01-24 18:04:25,920 - Velocimacro : allowInline = true : VMs can be defined inline in templates
2017-01-24 18:04:25,920 - Velocimacro : allowInlineToOverride = false : VMs defined inline may NOT replace previous VM definitions
2017-01-24 18:04:25,920 - Velocimacro : allowInlineLocal = false : VMs defined inline will be global in scope if allowed.
2017-01-24 18:04:25,920 - Velocimacro : autoload off : VM system will not automatically reload global library macros
2017-01-24 18:04:25,920 - Velocimacro : Velocimacro : initialization complete.
2017-01-24 18:04:25,920 - RuntimeInstance successfully initialized.
2017-01-24 18:04:25,921 - ResourceManager : found mailTemplates/register.vm with loader org.apache.velocity.runtime.resource.loader.ClasspathResourceLoader
2019-04-11 17:56:52,268 - Log4JLogChute initialized using file 'velocity.log'
2019-04-11 17:56:52,269 - The version of log4j being used does not support the "trace" level.
2019-04-11 17:56:52,269 - Initializing Velocity, Calling init()...
2019-04-11 17:56:52,269 - *******************************************************************
2019-04-11 17:56:52,269 - Starting Apache Velocity v1.7 (compiled: 2010-11-19 12:14:37)
2019-04-11 17:56:52,269 - RuntimeInstance initializing.
2019-04-11 17:56:52,269 - Default Properties File: org/apache/velocity/runtime/defaults/velocity.properties
2019-04-11 17:56:52,269 - Trying to use logger class org.apache.velocity.runtime.log.AvalonLogChute
2019-04-11 17:56:52,269 - Target log system for org.apache.velocity.runtime.log.AvalonLogChute is not available (java.lang.NoClassDefFoundError: org/apache/log/format/Formatter).  Falling back to next log system...
2019-04-11 17:56:52,269 - Trying to use logger class org.apache.velocity.runtime.log.Log4JLogChute
2019-04-11 17:56:52,269 - Using logger class org.apache.velocity.runtime.log.Log4JLogChute
2019-04-11 17:56:52,271 - Default ResourceManager initializing. (class org.apache.velocity.runtime.resource.ResourceManagerImpl)
2019-04-11 17:56:52,273 - ResourceLoader instantiated: org.apache.velocity.runtime.resource.loader.ClasspathResourceLoader
2019-04-11 17:56:52,273 - ClasspathResourceLoader : initialization complete.
2019-04-11 17:56:52,283 - ResourceCache: initialized (class org.apache.velocity.runtime.resource.ResourceCacheImpl) with class java.util.Collections$SynchronizedMap cache map.
2019-04-11 17:56:52,283 - Default ResourceManager initialization complete.
2019-04-11 17:56:52,285 - Loaded System Directive: org.apache.velocity.runtime.directive.Stop
2019-04-11 17:56:52,286 - Loaded System Directive: org.apache.velocity.runtime.directive.Define
2019-04-11 17:56:52,286 - Loaded System Directive: org.apache.velocity.runtime.directive.Break
2019-04-11 17:56:52,287 - Loaded System Directive: org.apache.velocity.runtime.directive.Evaluate
2019-04-11 17:56:52,288 - Loaded System Directive: org.apache.velocity.runtime.directive.Literal
2019-04-11 17:56:52,289 - Loaded System Directive: org.apache.velocity.runtime.directive.Macro
2019-04-11 17:56:52,290 - Loaded System Directive: org.apache.velocity.runtime.directive.Parse
2019-04-11 17:56:52,290 - Loaded System Directive: org.apache.velocity.runtime.directive.Include
2019-04-11 17:56:52,291 - Loaded System Directive: org.apache.velocity.runtime.directive.Foreach
2019-04-11 17:56:52,323 - Created '20' parsers.
2019-04-11 17:56:52,328 - Velocimacro : initialization starting.
2019-04-11 17:56:52,328 - Velocimacro : "velocimacro.library" is not set.  Trying default library: VM_global_library.vm
2019-04-11 17:56:52,329 - Could not load resource 'VM_global_library.vm' from ResourceLoader org.apache.velocity.runtime.resource.loader.ClasspathResourceLoader: ClasspathResourceLoader Error: cannot find resource VM_global_library.vm
2019-04-11 17:56:52,329 - Velocimacro : Default library not found.
2019-04-11 17:56:52,329 - Velocimacro : allowInline = true : VMs can be defined inline in templates
2019-04-11 17:56:52,329 - Velocimacro : allowInlineToOverride = false : VMs defined inline may NOT replace previous VM definitions
2019-04-11 17:56:52,329 - Velocimacro : allowInlineLocal = false : VMs defined inline will be global in scope if allowed.
2019-04-11 17:56:52,329 - Velocimacro : autoload off : VM system will not automatically reload global library macros
2019-04-11 17:56:52,329 - Velocimacro : Velocimacro : initialization complete.
2019-04-11 17:56:52,330 - RuntimeInstance successfully initialized.
2019-04-11 17:56:52,340 - ResourceManager : found mailTemplates/passwordRecoveryCode.vm with loader org.apache.velocity.runtime.resource.loader.ClasspathResourceLoader
